<?xml version="1.0" encoding="UTF-8"?>
<testsuite xmlns:xsi="http://www.w3.org/2001/XMLSchema-instance" xsi:noNamespaceSchemaLocation="https://maven.apache.org/surefire/maven-surefire-plugin/xsd/surefire-test-report-3.0.xsd" version="3.0" name="org.example.UserResourceTest" time="10.601" tests="1" errors="1" skipped="0" failures="0">
  <properties>
    <property name="java.specification.version" value="23"/>
    <property name="sun.cpu.isalist" value="amd64"/>
    <property name="test.url" value="http://localhost:8081"/>
    <property name="sun.jnu.encoding" value="Cp1252"/>
    <property name="java.class.path" value="C:\Users\mraysmit\dev\quarkus-projects\quarkus-mutiny-example\target\test-classes;C:\Users\mraysmit\dev\quarkus-projects\quarkus-mutiny-example\target\classes;C:\Users\mraysmit\.m2\repository\io\quarkus\quarkus-resteasy-reactive\3.8.1\quarkus-resteasy-reactive-3.8.1.jar;C:\Users\mraysmit\.m2\repository\io\quarkus\quarkus-resteasy-reactive-common\3.8.1\quarkus-resteasy-reactive-common-3.8.1.jar;C:\Users\mraysmit\.m2\repository\io\quarkus\resteasy\reactive\resteasy-reactive-common\3.8.1\resteasy-reactive-common-3.8.1.jar;C:\Users\mraysmit\.m2\repository\io\quarkus\resteasy\reactive\resteasy-reactive-common-types\3.8.1\resteasy-reactive-common-types-3.8.1.jar;C:\Users\mraysmit\.m2\repository\io\smallrye\reactive\mutiny\2.5.7\mutiny-2.5.7.jar;C:\Users\mraysmit\.m2\repository\org\reactivestreams\reactive-streams\1.0.4\reactive-streams-1.0.4.jar;C:\Users\mraysmit\.m2\repository\io\smallrye\reactive\mutiny-zero-flow-adapters\1.0.0\mutiny-zero-flow-adapters-1.0.0.jar;C:\Users\mraysmit\.m2\repository\io\quarkus\quarkus-mutiny\3.8.1\quarkus-mutiny-3.8.1.jar;C:\Users\mraysmit\.m2\repository\io\quarkus\quarkus-smallrye-context-propagation\3.8.1\quarkus-smallrye-context-propagation-3.8.1.jar;C:\Users\mraysmit\.m2\repository\io\smallrye\smallrye-context-propagation\2.1.0\smallrye-context-propagation-2.1.0.jar;C:\Users\mraysmit\.m2\repository\io\smallrye\smallrye-context-propagation-api\2.1.0\smallrye-context-propagation-api-2.1.0.jar;C:\Users\mraysmit\.m2\repository\io\smallrye\smallrye-context-propagation-storage\2.1.0\smallrye-context-propagation-storage-2.1.0.jar;C:\Users\mraysmit\.m2\repository\io\smallrye\reactive\mutiny-smallrye-context-propagation\2.5.7\mutiny-smallrye-context-propagation-2.5.7.jar;C:\Users\mraysmit\.m2\repository\io\quarkus\resteasy\reactive\resteasy-reactive-vertx\3.8.1\resteasy-reactive-vertx-3.8.1.jar;C:\Users\mraysmit\.m2\repository\io\vertx\vertx-web\4.5.3\vertx-web-4.5.3.jar;C:\Users\mraysmit\.m2\repository\io\vertx\vertx-web-common\4.5.3\vertx-web-common-4.5.3.jar;C:\Users\mraysmit\.m2\repository\io\vertx\vertx-auth-common\4.5.3\vertx-auth-common-4.5.3.jar;C:\Users\mraysmit\.m2\repository\io\vertx\vertx-bridge-common\4.5.3\vertx-bridge-common-4.5.3.jar;C:\Users\mraysmit\.m2\repository\io\smallrye\reactive\smallrye-mutiny-vertx-core\3.9.0\smallrye-mutiny-vertx-core-3.9.0.jar;C:\Users\mraysmit\.m2\repository\io\smallrye\reactive\smallrye-mutiny-vertx-runtime\3.9.0\smallrye-mutiny-vertx-runtime-3.9.0.jar;C:\Users\mraysmit\.m2\repository\io\smallrye\reactive\vertx-mutiny-generator\3.9.0\vertx-mutiny-generator-3.9.0.jar;C:\Users\mraysmit\.m2\repository\io\vertx\vertx-codegen\4.5.3\vertx-codegen-4.5.3.jar;C:\Users\mraysmit\.m2\repository\io\quarkus\resteasy\reactive\resteasy-reactive\3.8.1\resteasy-reactive-3.8.1.jar;C:\Users\mraysmit\.m2\repository\jakarta\enterprise\jakarta.enterprise.cdi-api\4.0.1\jakarta.enterprise.cdi-api-4.0.1.jar;C:\Users\mraysmit\.m2\repository\jakarta\enterprise\jakarta.enterprise.lang-model\4.0.1\jakarta.enterprise.lang-model-4.0.1.jar;C:\Users\mraysmit\.m2\repository\jakarta\el\jakarta.el-api\5.0.1\jakarta.el-api-5.0.1.jar;C:\Users\mraysmit\.m2\repository\jakarta\interceptor\jakarta.interceptor-api\2.1.0\jakarta.interceptor-api-2.1.0.jar;C:\Users\mraysmit\.m2\repository\jakarta\ws\rs\jakarta.ws.rs-api\3.1.0\jakarta.ws.rs-api-3.1.0.jar;C:\Users\mraysmit\.m2\repository\jakarta\annotation\jakarta.annotation-api\2.1.1\jakarta.annotation-api-2.1.1.jar;C:\Users\mraysmit\.m2\repository\org\jboss\logging\commons-logging-jboss-logging\1.0.0.Final\commons-logging-jboss-logging-1.0.0.Final.jar;C:\Users\mraysmit\.m2\repository\jakarta\xml\bind\jakarta.xml.bind-api\4.0.1\jakarta.xml.bind-api-4.0.1.jar;C:\Users\mraysmit\.m2\repository\jakarta\activation\jakarta.activation-api\2.1.2\jakarta.activation-api-2.1.2.jar;C:\Users\mraysmit\.m2\repository\org\jboss\logging\jboss-logging\3.5.3.Final\jboss-logging-3.5.3.Final.jar;C:\Users\mraysmit\.m2\repository\io\quarkus\quarkus-vertx-http\3.8.1\quarkus-vertx-http-3.8.1.jar;C:\Users\mraysmit\.m2\repository\io\quarkus\quarkus-security-runtime-spi\3.8.1\quarkus-security-runtime-spi-3.8.1.jar;C:\Users\mraysmit\.m2\repository\io\smallrye\common\smallrye-common-vertx-context\2.1.2\smallrye-common-vertx-context-2.1.2.jar;C:\Users\mraysmit\.m2\repository\io\smallrye\common\smallrye-common-constraint\2.1.2\smallrye-common-constraint-2.1.2.jar;C:\Users\mraysmit\.m2\repository\io\quarkus\security\quarkus-security\2.0.3.Final\quarkus-security-2.0.3.Final.jar;C:\Users\mraysmit\.m2\repository\io\smallrye\reactive\smallrye-mutiny-vertx-web\3.9.0\smallrye-mutiny-vertx-web-3.9.0.jar;C:\Users\mraysmit\.m2\repository\io\smallrye\reactive\smallrye-mutiny-vertx-web-common\3.9.0\smallrye-mutiny-vertx-web-common-3.9.0.jar;C:\Users\mraysmit\.m2\repository\io\smallrye\reactive\smallrye-mutiny-vertx-auth-common\3.9.0\smallrye-mutiny-vertx-auth-common-3.9.0.jar;C:\Users\mraysmit\.m2\repository\io\smallrye\reactive\smallrye-mutiny-vertx-bridge-common\3.9.0\smallrye-mutiny-vertx-bridge-common-3.9.0.jar;C:\Users\mraysmit\.m2\repository\io\smallrye\reactive\smallrye-mutiny-vertx-uri-template\3.9.0\smallrye-mutiny-vertx-uri-template-3.9.0.jar;C:\Users\mraysmit\.m2\repository\io\vertx\vertx-uri-template\4.5.3\vertx-uri-template-4.5.3.jar;C:\Users\mraysmit\.m2\repository\io\github\crac\org-crac\0.1.3\org-crac-0.1.3.jar;C:\Users\mraysmit\.m2\repository\io\quarkus\quarkus-jsonp\3.8.1\quarkus-jsonp-3.8.1.jar;C:\Users\mraysmit\.m2\repository\org\eclipse\parsson\parsson\1.1.5\parsson-1.1.5.jar;C:\Users\mraysmit\.m2\repository\jakarta\json\jakarta.json-api\2.1.3\jakarta.json-api-2.1.3.jar;C:\Users\mraysmit\.m2\repository\io\quarkus\quarkus-virtual-threads\3.8.1\quarkus-virtual-threads-3.8.1.jar;C:\Users\mraysmit\.m2\repository\io\vertx\vertx-core\4.5.3\vertx-core-4.5.3.jar;C:\Users\mraysmit\.m2\repository\io\netty\netty-common\4.1.106.Final\netty-common-4.1.106.Final.jar;C:\Users\mraysmit\.m2\repository\io\netty\netty-buffer\4.1.106.Final\netty-buffer-4.1.106.Final.jar;C:\Users\mraysmit\.m2\repository\io\netty\netty-transport\4.1.106.Final\netty-transport-4.1.106.Final.jar;C:\Users\mraysmit\.m2\repository\io\netty\netty-handler\4.1.106.Final\netty-handler-4.1.106.Final.jar;C:\Users\mraysmit\.m2\repository\io\netty\netty-transport-native-unix-common\4.1.106.Final\netty-transport-native-unix-common-4.1.106.Final.jar;C:\Users\mraysmit\.m2\repository\io\netty\netty-handler-proxy\4.1.106.Final\netty-handler-proxy-4.1.106.Final.jar;C:\Users\mraysmit\.m2\repository\io\netty\netty-codec-socks\4.1.106.Final\netty-codec-socks-4.1.106.Final.jar;C:\Users\mraysmit\.m2\repository\io\netty\netty-codec-http\4.1.106.Final\netty-codec-http-4.1.106.Final.jar;C:\Users\mraysmit\.m2\repository\io\netty\netty-codec-http2\4.1.106.Final\netty-codec-http2-4.1.106.Final.jar;C:\Users\mraysmit\.m2\repository\io\netty\netty-resolver\4.1.106.Final\netty-resolver-4.1.106.Final.jar;C:\Users\mraysmit\.m2\repository\io\netty\netty-resolver-dns\4.1.106.Final\netty-resolver-dns-4.1.106.Final.jar;C:\Users\mraysmit\.m2\repository\io\netty\netty-codec-dns\4.1.106.Final\netty-codec-dns-4.1.106.Final.jar;C:\Users\mraysmit\.m2\repository\com\fasterxml\jackson\core\jackson-core\2.16.1\jackson-core-2.16.1.jar;C:\Users\mraysmit\.m2\repository\io\quarkus\quarkus-hibernate-reactive-panache\3.8.1\quarkus-hibernate-reactive-panache-3.8.1.jar;C:\Users\mraysmit\.m2\repository\io\quarkus\quarkus-core\3.8.1\quarkus-core-3.8.1.jar;C:\Users\mraysmit\.m2\repository\jakarta\inject\jakarta.inject-api\2.0.1\jakarta.inject-api-2.0.1.jar;C:\Users\mraysmit\.m2\repository\io\smallrye\common\smallrye-common-os\2.1.2\smallrye-common-os-2.1.2.jar;C:\Users\mraysmit\.m2\repository\io\quarkus\quarkus-ide-launcher\3.8.1\quarkus-ide-launcher-3.8.1.jar;C:\Users\mraysmit\.m2\repository\io\quarkus\quarkus-development-mode-spi\3.8.1\quarkus-development-mode-spi-3.8.1.jar;C:\Users\mraysmit\.m2\repository\io\smallrye\config\smallrye-config\3.5.4\smallrye-config-3.5.4.jar;C:\Users\mraysmit\.m2\repository\io\smallrye\config\smallrye-config-core\3.5.4\smallrye-config-core-3.5.4.jar;C:\Users\mraysmit\.m2\repository\org\eclipse\microprofile\config\microprofile-config-api\3.0.3\microprofile-config-api-3.0.3.jar;C:\Users\mraysmit\.m2\repository\io\smallrye\common\smallrye-common-classloader\2.1.2\smallrye-common-classloader-2.1.2.jar;C:\Users\mraysmit\.m2\repository\io\smallrye\config\smallrye-config-common\3.5.4\smallrye-config-common-3.5.4.jar;C:\Users\mraysmit\.m2\repository\org\jboss\logmanager\jboss-logmanager\3.0.4.Final\jboss-logmanager-3.0.4.Final.jar;C:\Users\mraysmit\.m2\repository\io\smallrye\common\smallrye-common-cpu\2.1.2\smallrye-common-cpu-2.1.2.jar;C:\Users\mraysmit\.m2\repository\io\smallrye\common\smallrye-common-expression\2.1.2\smallrye-common-expression-2.1.2.jar;C:\Users\mraysmit\.m2\repository\io\smallrye\common\smallrye-common-function\2.1.2\smallrye-common-function-2.1.2.jar;C:\Users\mraysmit\.m2\repository\io\smallrye\common\smallrye-common-net\2.1.2\smallrye-common-net-2.1.2.jar;C:\Users\mraysmit\.m2\repository\io\smallrye\common\smallrye-common-ref\2.1.2\smallrye-common-ref-2.1.2.jar;C:\Users\mraysmit\.m2\repository\org\jboss\logging\jboss-logging-annotations\2.2.1.Final\jboss-logging-annotations-2.2.1.Final.jar;C:\Users\mraysmit\.m2\repository\org\jboss\threads\jboss-threads\3.5.1.Final\jboss-threads-3.5.1.Final.jar;C:\Users\mraysmit\.m2\repository\org\slf4j\slf4j-api\2.0.6\slf4j-api-2.0.6.jar;C:\Users\mraysmit\.m2\repository\org\jboss\slf4j\slf4j-jboss-logmanager\2.0.0.Final\slf4j-jboss-logmanager-2.0.0.Final.jar;C:\Users\mraysmit\.m2\repository\org\wildfly\common\wildfly-common\1.7.0.Final\wildfly-common-1.7.0.Final.jar;C:\Users\mraysmit\.m2\repository\io\quarkus\quarkus-bootstrap-runner\3.8.1\quarkus-bootstrap-runner-3.8.1.jar;C:\Users\mraysmit\.m2\repository\io\quarkus\quarkus-fs-util\0.0.10\quarkus-fs-util-0.0.10.jar;C:\Users\mraysmit\.m2\repository\io\quarkus\quarkus-hibernate-reactive\3.8.1\quarkus-hibernate-reactive-3.8.1.jar;C:\Users\mraysmit\.m2\repository\io\quarkus\quarkus-hibernate-orm\3.8.1\quarkus-hibernate-orm-3.8.1.jar;C:\Users\mraysmit\.m2\repository\org\hibernate\orm\hibernate-core\6.4.4.Final\hibernate-core-6.4.4.Final.jar;C:\Users\mraysmit\.m2\repository\com\fasterxml\classmate\1.6.0\classmate-1.6.0.jar;C:\Users\mraysmit\.m2\repository\org\antlr\antlr4-runtime\4.13.0\antlr4-runtime-4.13.0.jar;C:\Users\mraysmit\.m2\repository\net\bytebuddy\byte-buddy\1.14.11\byte-buddy-1.14.11.jar;C:\Users\mraysmit\.m2\repository\org\hibernate\common\hibernate-commons-annotations\6.0.6.Final\hibernate-commons-annotations-6.0.6.Final.jar;C:\Users\mraysmit\.m2\repository\org\hibernate\orm\hibernate-graalvm\6.4.4.Final\hibernate-graalvm-6.4.4.Final.jar;C:\Users\mraysmit\.m2\repository\org\glassfish\jaxb\jaxb-runtime\4.0.4\jaxb-runtime-4.0.4.jar;C:\Users\mraysmit\.m2\repository\org\glassfish\jaxb\jaxb-core\4.0.4\jaxb-core-4.0.4.jar;C:\Users\mraysmit\.m2\repository\org\eclipse\angus\angus-activation\2.0.1\angus-activation-2.0.1.jar;C:\Users\mraysmit\.m2\repository\org\glassfish\jaxb\txw2\4.0.4\txw2-4.0.4.jar;C:\Users\mraysmit\.m2\repository\com\sun\istack\istack-commons-runtime\4.1.2\istack-commons-runtime-4.1.2.jar;C:\Users\mraysmit\.m2\repository\jakarta\persistence\jakarta.persistence-api\3.1.0\jakarta.persistence-api-3.1.0.jar;C:\Users\mraysmit\.m2\repository\jakarta\transaction\jakarta.transaction-api\2.0.1\jakarta.transaction-api-2.0.1.jar;C:\Users\mraysmit\.m2\repository\org\hibernate\quarkus-local-cache\0.3.0\quarkus-local-cache-0.3.0.jar;C:\Users\mraysmit\.m2\repository\io\quarkus\quarkus-caffeine\3.8.1\quarkus-caffeine-3.8.1.jar;C:\Users\mraysmit\.m2\repository\com\github\ben-manes\caffeine\caffeine\3.1.5\caffeine-3.1.5.jar;C:\Users\mraysmit\.m2\repository\com\google\errorprone\error_prone_annotations\2.24.0\error_prone_annotations-2.24.0.jar;C:\Users\mraysmit\.m2\repository\org\hibernate\reactive\hibernate-reactive-core\2.2.2.Final\hibernate-reactive-core-2.2.2.Final.jar;C:\Users\mraysmit\.m2\repository\io\quarkus\quarkus-hibernate-reactive-panache-common\3.8.1\quarkus-hibernate-reactive-panache-common-3.8.1.jar;C:\Users\mraysmit\.m2\repository\io\quarkus\quarkus-panache-common\3.8.1\quarkus-panache-common-3.8.1.jar;C:\Users\mraysmit\.m2\repository\io\quarkus\quarkus-panache-hibernate-common\3.8.1\quarkus-panache-hibernate-common-3.8.1.jar;C:\Users\mraysmit\.m2\repository\io\quarkus\quarkus-arc\3.8.1\quarkus-arc-3.8.1.jar;C:\Users\mraysmit\.m2\repository\io\quarkus\arc\arc\3.8.1\arc-3.8.1.jar;C:\Users\mraysmit\.m2\repository\org\eclipse\microprofile\context-propagation\microprofile-context-propagation-api\1.3\microprofile-context-propagation-api-1.3.jar;C:\Users\mraysmit\.m2\repository\io\smallrye\common\smallrye-common-annotation\2.1.2\smallrye-common-annotation-2.1.2.jar;C:\Users\mraysmit\.m2\repository\io\quarkus\quarkus-reactive-pg-client\3.8.1\quarkus-reactive-pg-client-3.8.1.jar;C:\Users\mraysmit\.m2\repository\io\quarkus\quarkus-reactive-datasource\3.8.1\quarkus-reactive-datasource-3.8.1.jar;C:\Users\mraysmit\.m2\repository\io\quarkus\quarkus-datasource\3.8.1\quarkus-datasource-3.8.1.jar;C:\Users\mraysmit\.m2\repository\io\quarkus\quarkus-datasource-common\3.8.1\quarkus-datasource-common-3.8.1.jar;C:\Users\mraysmit\.m2\repository\io\vertx\vertx-sql-client\4.5.3\vertx-sql-client-4.5.3.jar;C:\Users\mraysmit\.m2\repository\io\quarkus\quarkus-vertx\3.8.1\quarkus-vertx-3.8.1.jar;C:\Users\mraysmit\.m2\repository\io\quarkus\quarkus-netty\3.8.1\quarkus-netty-3.8.1.jar;C:\Users\mraysmit\.m2\repository\io\netty\netty-codec\4.1.106.Final\netty-codec-4.1.106.Final.jar;C:\Users\mraysmit\.m2\repository\com\aayushatharva\brotli4j\brotli4j\1.14.0\brotli4j-1.14.0.jar;C:\Users\mraysmit\.m2\repository\com\aayushatharva\brotli4j\service\1.14.0\service-1.14.0.jar;C:\Users\mraysmit\.m2\repository\com\aayushatharva\brotli4j\native-windows-x86_64\1.14.0\native-windows-x86_64-1.14.0.jar;C:\Users\mraysmit\.m2\repository\io\netty\netty-codec-haproxy\4.1.106.Final\netty-codec-haproxy-4.1.106.Final.jar;C:\Users\mraysmit\.m2\repository\io\quarkus\quarkus-vertx-latebound-mdc-provider\3.8.1\quarkus-vertx-latebound-mdc-provider-3.8.1.jar;C:\Users\mraysmit\.m2\repository\io\smallrye\smallrye-fault-tolerance-vertx\6.2.6\smallrye-fault-tolerance-vertx-6.2.6.jar;C:\Users\mraysmit\.m2\repository\io\vertx\vertx-pg-client\4.5.3\vertx-pg-client-4.5.3.jar;C:\Users\mraysmit\.m2\repository\com\ongres\scram\client\2.1\client-2.1.jar;C:\Users\mraysmit\.m2\repository\com\ongres\scram\common\2.1\common-2.1.jar;C:\Users\mraysmit\.m2\repository\com\ongres\stringprep\saslprep\1.1\saslprep-1.1.jar;C:\Users\mraysmit\.m2\repository\com\ongres\stringprep\stringprep\1.1\stringprep-1.1.jar;C:\Users\mraysmit\.m2\repository\io\smallrye\reactive\smallrye-mutiny-vertx-pg-client\3.9.0\smallrye-mutiny-vertx-pg-client-3.9.0.jar;C:\Users\mraysmit\.m2\repository\io\smallrye\reactive\smallrye-mutiny-vertx-sql-client\3.9.0\smallrye-mutiny-vertx-sql-client-3.9.0.jar;C:\Users\mraysmit\.m2\repository\io\quarkus\quarkus-credentials\3.8.1\quarkus-credentials-3.8.1.jar;C:\Users\mraysmit\.m2\repository\org\testcontainers\postgresql\1.19.4\postgresql-1.19.4.jar;C:\Users\mraysmit\.m2\repository\org\testcontainers\jdbc\1.19.4\jdbc-1.19.4.jar;C:\Users\mraysmit\.m2\repository\org\testcontainers\database-commons\1.19.4\database-commons-1.19.4.jar;C:\Users\mraysmit\.m2\repository\org\testcontainers\junit-jupiter\1.19.4\junit-jupiter-1.19.4.jar;C:\Users\mraysmit\.m2\repository\org\testcontainers\testcontainers\1.19.4\testcontainers-1.19.4.jar;C:\Users\mraysmit\.m2\repository\junit\junit\4.13.2\junit-4.13.2.jar;C:\Users\mraysmit\.m2\repository\org\apache\commons\commons-compress\1.26.0\commons-compress-1.26.0.jar;C:\Users\mraysmit\.m2\repository\org\rnorth\duct-tape\duct-tape\1.0.8\duct-tape-1.0.8.jar;C:\Users\mraysmit\.m2\repository\org\jetbrains\annotations\24.1.0\annotations-24.1.0.jar;C:\Users\mraysmit\.m2\repository\com\github\docker-java\docker-java-api\3.3.4\docker-java-api-3.3.4.jar;C:\Users\mraysmit\.m2\repository\com\fasterxml\jackson\core\jackson-annotations\2.16.1\jackson-annotations-2.16.1.jar;C:\Users\mraysmit\.m2\repository\com\github\docker-java\docker-java-transport-zerodep\3.3.4\docker-java-transport-zerodep-3.3.4.jar;C:\Users\mraysmit\.m2\repository\com\github\docker-java\docker-java-transport\3.3.4\docker-java-transport-3.3.4.jar;C:\Users\mraysmit\.m2\repository\net\java\dev\jna\jna\5.8.0\jna-5.8.0.jar;C:\Users\mraysmit\.m2\repository\io\quarkus\quarkus-junit5\3.8.1\quarkus-junit5-3.8.1.jar;C:\Users\mraysmit\.m2\repository\io\quarkus\quarkus-bootstrap-core\3.8.1\quarkus-bootstrap-core-3.8.1.jar;C:\Users\mraysmit\.m2\repository\io\quarkus\quarkus-bootstrap-app-model\3.8.1\quarkus-bootstrap-app-model-3.8.1.jar;C:\Users\mraysmit\.m2\repository\io\smallrye\common\smallrye-common-io\2.1.2\smallrye-common-io-2.1.2.jar;C:\Users\mraysmit\.m2\repository\org\eclipse\sisu\org.eclipse.sisu.inject\0.9.0.M2\org.eclipse.sisu.inject-0.9.0.M2.jar;C:\Users\mraysmit\.m2\repository\io\quarkus\quarkus-test-common\3.8.1\quarkus-test-common-3.8.1.jar;C:\Users\mraysmit\.m2\repository\io\quarkus\quarkus-core-deployment\3.8.1\quarkus-core-deployment-3.8.1.jar;C:\Users\mraysmit\.m2\repository\org\aesh\readline\2.4\readline-2.4.jar;C:\Users\mraysmit\.m2\repository\org\fusesource\jansi\jansi\2.4.0\jansi-2.4.0.jar;C:\Users\mraysmit\.m2\repository\org\aesh\aesh\2.7\aesh-2.7.jar;C:\Users\mraysmit\.m2\repository\io\quarkus\gizmo\gizmo\1.7.0\gizmo-1.7.0.jar;C:\Users\mraysmit\.m2\repository\org\ow2\asm\asm-util\9.6\asm-util-9.6.jar;C:\Users\mraysmit\.m2\repository\org\ow2\asm\asm-analysis\9.6\asm-analysis-9.6.jar;C:\Users\mraysmit\.m2\repository\org\ow2\asm\asm\9.6\asm-9.6.jar;C:\Users\mraysmit\.m2\repository\org\ow2\asm\asm-commons\9.6\asm-commons-9.6.jar;C:\Users\mraysmit\.m2\repository\org\ow2\asm\asm-tree\9.6\asm-tree-9.6.jar;C:\Users\mraysmit\.m2\repository\io\quarkus\quarkus-class-change-agent\3.8.1\quarkus-class-change-agent-3.8.1.jar;C:\Users\mraysmit\.m2\repository\io\quarkus\quarkus-devtools-utilities\3.8.1\quarkus-devtools-utilities-3.8.1.jar;C:\Users\mraysmit\.m2\repository\io\quarkus\quarkus-builder\3.8.1\quarkus-builder-3.8.1.jar;C:\Users\mraysmit\.m2\repository\org\graalvm\sdk\graal-sdk\23.0.1\graal-sdk-23.0.1.jar;C:\Users\mraysmit\.m2\repository\org\junit\platform\junit-platform-launcher\1.10.1\junit-platform-launcher-1.10.1.jar;C:\Users\mraysmit\.m2\repository\io\quarkus\quarkus-bootstrap-maven-resolver\3.8.1\quarkus-bootstrap-maven-resolver-3.8.1.jar;C:\Users\mraysmit\.m2\repository\io\smallrye\beanbag\smallrye-beanbag-maven\1.4.0\smallrye-beanbag-maven-1.4.0.jar;C:\Users\mraysmit\.m2\repository\io\smallrye\beanbag\smallrye-beanbag-sisu\1.4.0\smallrye-beanbag-sisu-1.4.0.jar;C:\Users\mraysmit\.m2\repository\io\smallrye\beanbag\smallrye-beanbag\1.4.0\smallrye-beanbag-1.4.0.jar;C:\Users\mraysmit\.m2\repository\javax\inject\javax.inject\1\javax.inject-1.jar;C:\Users\mraysmit\.m2\repository\org\apache\maven\maven-artifact\3.9.6\maven-artifact-3.9.6.jar;C:\Users\mraysmit\.m2\repository\org\apache\maven\maven-builder-support\3.9.6\maven-builder-support-3.9.6.jar;C:\Users\mraysmit\.m2\repository\org\apache\maven\maven-model\3.9.6\maven-model-3.9.6.jar;C:\Users\mraysmit\.m2\repository\org\apache\maven\maven-model-builder\3.9.6\maven-model-builder-3.9.6.jar;C:\Users\mraysmit\.m2\repository\org\apache\maven\maven-repository-metadata\3.9.6\maven-repository-metadata-3.9.6.jar;C:\Users\mraysmit\.m2\repository\org\apache\maven\maven-settings\3.9.6\maven-settings-3.9.6.jar;C:\Users\mraysmit\.m2\repository\org\apache\maven\resolver\maven-resolver-api\1.9.18\maven-resolver-api-1.9.18.jar;C:\Users\mraysmit\.m2\repository\org\apache\maven\resolver\maven-resolver-impl\1.9.18\maven-resolver-impl-1.9.18.jar;C:\Users\mraysmit\.m2\repository\org\apache\maven\resolver\maven-resolver-named-locks\1.9.18\maven-resolver-named-locks-1.9.18.jar;C:\Users\mraysmit\.m2\repository\org\apache\maven\resolver\maven-resolver-spi\1.9.18\maven-resolver-spi-1.9.18.jar;C:\Users\mraysmit\.m2\repository\org\apache\maven\resolver\maven-resolver-util\1.9.18\maven-resolver-util-1.9.18.jar;C:\Users\mraysmit\.m2\repository\org\apache\maven\resolver\maven-resolver-transport-http\1.9.18\maven-resolver-transport-http-1.9.18.jar;C:\Users\mraysmit\.m2\repository\org\apache\maven\wagon\wagon-provider-api\3.5.3\wagon-provider-api-3.5.3.jar;C:\Users\mraysmit\.m2\repository\org\apache\maven\wagon\wagon-http-shared\3.5.3\wagon-http-shared-3.5.3.jar;C:\Users\mraysmit\.m2\repository\org\codehaus\plexus\plexus-interpolation\1.26\plexus-interpolation-1.26.jar;C:\Users\mraysmit\.m2\repository\org\codehaus\plexus\plexus-utils\3.5.1\plexus-utils-3.5.1.jar;C:\Users\mraysmit\.m2\repository\org\codehaus\plexus\plexus-xml\4.0.0\plexus-xml-4.0.0.jar;C:\Users\mraysmit\.m2\repository\org\apache\maven\maven-xml-impl\4.0.0-alpha-5\maven-xml-impl-4.0.0-alpha-5.jar;C:\Users\mraysmit\.m2\repository\org\apache\maven\maven-api-xml\4.0.0-alpha-5\maven-api-xml-4.0.0-alpha-5.jar;C:\Users\mraysmit\.m2\repository\org\apache\maven\maven-api-meta\4.0.0-alpha-5\maven-api-meta-4.0.0-alpha-5.jar;C:\Users\mraysmit\.m2\repository\org\codehaus\plexus\plexus-cipher\2.0\plexus-cipher-2.0.jar;C:\Users\mraysmit\.m2\repository\org\codehaus\plexus\plexus-sec-dispatcher\2.0\plexus-sec-dispatcher-2.0.jar;C:\Users\mraysmit\.m2\repository\org\apache\maven\maven-embedder\3.9.6\maven-embedder-3.9.6.jar;C:\Users\mraysmit\.m2\repository\org\apache\maven\maven-core\3.9.6\maven-core-3.9.6.jar;C:\Users\mraysmit\.m2\repository\org\codehaus\plexus\plexus-component-annotations\2.1.0\plexus-component-annotations-2.1.0.jar;C:\Users\mraysmit\.m2\repository\org\apache\maven\maven-plugin-api\3.9.6\maven-plugin-api-3.9.6.jar;C:\Users\mraysmit\.m2\repository\org\apache\maven\shared\maven-shared-utils\3.3.4\maven-shared-utils-3.3.4.jar;C:\Users\mraysmit\.m2\repository\com\google\inject\guice\5.1.0\guice-5.1.0.jar;C:\Users\mraysmit\.m2\repository\aopalliance\aopalliance\1.0\aopalliance-1.0.jar;C:\Users\mraysmit\.m2\repository\com\google\guava\guava\33.0.0-jre\guava-33.0.0-jre.jar;C:\Users\mraysmit\.m2\repository\com\google\guava\failureaccess\1.0.1\failureaccess-1.0.1.jar;C:\Users\mraysmit\.m2\repository\javax\annotation\javax.annotation-api\1.3.2\javax.annotation-api-1.3.2.jar;C:\Users\mraysmit\.m2\repository\org\codehaus\plexus\plexus-classworlds\2.6.0\plexus-classworlds-2.6.0.jar;C:\Users\mraysmit\.m2\repository\commons-cli\commons-cli\1.5.0\commons-cli-1.5.0.jar;C:\Users\mraysmit\.m2\repository\org\eclipse\sisu\org.eclipse.sisu.plexus\0.9.0.M2\org.eclipse.sisu.plexus-0.9.0.M2.jar;C:\Users\mraysmit\.m2\repository\org\apache\maven\maven-settings-builder\3.9.6\maven-settings-builder-3.9.6.jar;C:\Users\mraysmit\.m2\repository\org\apache\maven\maven-resolver-provider\3.9.6\maven-resolver-provider-3.9.6.jar;C:\Users\mraysmit\.m2\repository\org\apache\maven\resolver\maven-resolver-connector-basic\1.9.18\maven-resolver-connector-basic-1.9.18.jar;C:\Users\mraysmit\.m2\repository\org\apache\maven\resolver\maven-resolver-transport-wagon\1.9.18\maven-resolver-transport-wagon-1.9.18.jar;C:\Users\mraysmit\.m2\repository\org\apache\maven\wagon\wagon-http\3.5.3\wagon-http-3.5.3.jar;C:\Users\mraysmit\.m2\repository\org\apache\maven\wagon\wagon-file\3.5.3\wagon-file-3.5.3.jar;C:\Users\mraysmit\.m2\repository\io\quarkus\quarkus-bootstrap-gradle-resolver\3.8.1\quarkus-bootstrap-gradle-resolver-3.8.1.jar;C:\Users\mraysmit\.m2\repository\io\smallrye\jandex\3.1.6\jandex-3.1.6.jar;C:\Users\mraysmit\.m2\repository\commons-io\commons-io\2.15.1\commons-io-2.15.1.jar;C:\Users\mraysmit\.m2\repository\io\quarkus\quarkus-junit5-properties\3.8.1\quarkus-junit5-properties-3.8.1.jar;C:\Users\mraysmit\.m2\repository\org\junit\jupiter\junit-jupiter\5.10.1\junit-jupiter-5.10.1.jar;C:\Users\mraysmit\.m2\repository\org\junit\jupiter\junit-jupiter-api\5.10.1\junit-jupiter-api-5.10.1.jar;C:\Users\mraysmit\.m2\repository\org\opentest4j\opentest4j\1.3.0\opentest4j-1.3.0.jar;C:\Users\mraysmit\.m2\repository\org\junit\platform\junit-platform-commons\1.10.1\junit-platform-commons-1.10.1.jar;C:\Users\mraysmit\.m2\repository\org\apiguardian\apiguardian-api\1.1.2\apiguardian-api-1.1.2.jar;C:\Users\mraysmit\.m2\repository\org\junit\jupiter\junit-jupiter-params\5.10.1\junit-jupiter-params-5.10.1.jar;C:\Users\mraysmit\.m2\repository\org\junit\jupiter\junit-jupiter-engine\5.10.1\junit-jupiter-engine-5.10.1.jar;C:\Users\mraysmit\.m2\repository\org\junit\platform\junit-platform-engine\1.10.1\junit-platform-engine-1.10.1.jar;C:\Users\mraysmit\.m2\repository\com\thoughtworks\xstream\xstream\1.4.20\xstream-1.4.20.jar;C:\Users\mraysmit\.m2\repository\io\github\x-stream\mxparser\1.2.2\mxparser-1.2.2.jar;C:\Users\mraysmit\.m2\repository\xmlpull\xmlpull\1.1.3.1\xmlpull-1.1.3.1.jar;C:\Users\mraysmit\.m2\repository\io\rest-assured\rest-assured\5.4.0\rest-assured-5.4.0.jar;C:\Users\mraysmit\.m2\repository\org\apache\groovy\groovy\4.0.16\groovy-4.0.16.jar;C:\Users\mraysmit\.m2\repository\org\apache\groovy\groovy-xml\4.0.16\groovy-xml-4.0.16.jar;C:\Users\mraysmit\.m2\repository\org\apache\httpcomponents\httpclient\4.5.14\httpclient-4.5.14.jar;C:\Users\mraysmit\.m2\repository\org\apache\httpcomponents\httpcore\4.4.16\httpcore-4.4.16.jar;C:\Users\mraysmit\.m2\repository\commons-codec\commons-codec\1.16.1\commons-codec-1.16.1.jar;C:\Users\mraysmit\.m2\repository\org\apache\httpcomponents\httpmime\4.5.14\httpmime-4.5.14.jar;C:\Users\mraysmit\.m2\repository\org\hamcrest\hamcrest\2.2\hamcrest-2.2.jar;C:\Users\mraysmit\.m2\repository\org\ccil\cowan\tagsoup\tagsoup\1.2.1\tagsoup-1.2.1.jar;C:\Users\mraysmit\.m2\repository\io\rest-assured\json-path\5.4.0\json-path-5.4.0.jar;C:\Users\mraysmit\.m2\repository\org\apache\groovy\groovy-json\4.0.16\groovy-json-4.0.16.jar;C:\Users\mraysmit\.m2\repository\io\rest-assured\rest-assured-common\5.4.0\rest-assured-common-5.4.0.jar;C:\Users\mraysmit\.m2\repository\io\rest-assured\xml-path\5.4.0\xml-path-5.4.0.jar;C:\Users\mraysmit\.m2\repository\org\apache\commons\commons-lang3\3.14.0\commons-lang3-3.14.0.jar;"/>
    <property name="java.vm.vendor" value="Amazon.com Inc."/>
    <property name="sun.arch.data.model" value="64"/>
    <property name="net.bytebuddy.experimental" value="true"/>
    <property name="user.variant" value=""/>
    <property name="java.vendor.url" value="https://aws.amazon.com/corretto/"/>
    <property name="user.timezone" value="Asia/Shanghai"/>
    <property name="logging.initial-configurator.min-level" value="500"/>
    <property name="os.name" value="Windows 10"/>
    <property name="java.vm.specification.version" value="23"/>
    <property name="sun.java.launcher" value="SUN_STANDARD"/>
    <property name="user.country" value="GB"/>
    <property name="groovy.use.classvalue" value="false"/>
    <property name="sun.boot.library.path" value="C:\Users\mraysmit\.jdks\corretto-23.0.0\bin"/>
    <property name="sun.java.command" value="C:\Users\mraysmit\AppData\Local\Temp\surefire10877440913822057046\surefirebooter-20250608152110634_3.jar C:\Users\mraysmit\AppData\Local\Temp\surefire10877440913822057046 2025-06-08T15-21-10_533-jvmRun1 surefire-20250608152110634_1tmp surefire_0-20250608152110634_2tmp"/>
    <property name="jdk.debug" value="release"/>
    <property name="surefire.test.class.path" value="C:\Users\mraysmit\dev\quarkus-projects\quarkus-mutiny-example\target\test-classes;C:\Users\mraysmit\dev\quarkus-projects\quarkus-mutiny-example\target\classes;C:\Users\mraysmit\.m2\repository\io\quarkus\quarkus-resteasy-reactive\3.8.1\quarkus-resteasy-reactive-3.8.1.jar;C:\Users\mraysmit\.m2\repository\io\quarkus\quarkus-resteasy-reactive-common\3.8.1\quarkus-resteasy-reactive-common-3.8.1.jar;C:\Users\mraysmit\.m2\repository\io\quarkus\resteasy\reactive\resteasy-reactive-common\3.8.1\resteasy-reactive-common-3.8.1.jar;C:\Users\mraysmit\.m2\repository\io\quarkus\resteasy\reactive\resteasy-reactive-common-types\3.8.1\resteasy-reactive-common-types-3.8.1.jar;C:\Users\mraysmit\.m2\repository\io\smallrye\reactive\mutiny\2.5.7\mutiny-2.5.7.jar;C:\Users\mraysmit\.m2\repository\org\reactivestreams\reactive-streams\1.0.4\reactive-streams-1.0.4.jar;C:\Users\mraysmit\.m2\repository\io\smallrye\reactive\mutiny-zero-flow-adapters\1.0.0\mutiny-zero-flow-adapters-1.0.0.jar;C:\Users\mraysmit\.m2\repository\io\quarkus\quarkus-mutiny\3.8.1\quarkus-mutiny-3.8.1.jar;C:\Users\mraysmit\.m2\repository\io\quarkus\quarkus-smallrye-context-propagation\3.8.1\quarkus-smallrye-context-propagation-3.8.1.jar;C:\Users\mraysmit\.m2\repository\io\smallrye\smallrye-context-propagation\2.1.0\smallrye-context-propagation-2.1.0.jar;C:\Users\mraysmit\.m2\repository\io\smallrye\smallrye-context-propagation-api\2.1.0\smallrye-context-propagation-api-2.1.0.jar;C:\Users\mraysmit\.m2\repository\io\smallrye\smallrye-context-propagation-storage\2.1.0\smallrye-context-propagation-storage-2.1.0.jar;C:\Users\mraysmit\.m2\repository\io\smallrye\reactive\mutiny-smallrye-context-propagation\2.5.7\mutiny-smallrye-context-propagation-2.5.7.jar;C:\Users\mraysmit\.m2\repository\io\quarkus\resteasy\reactive\resteasy-reactive-vertx\3.8.1\resteasy-reactive-vertx-3.8.1.jar;C:\Users\mraysmit\.m2\repository\io\vertx\vertx-web\4.5.3\vertx-web-4.5.3.jar;C:\Users\mraysmit\.m2\repository\io\vertx\vertx-web-common\4.5.3\vertx-web-common-4.5.3.jar;C:\Users\mraysmit\.m2\repository\io\vertx\vertx-auth-common\4.5.3\vertx-auth-common-4.5.3.jar;C:\Users\mraysmit\.m2\repository\io\vertx\vertx-bridge-common\4.5.3\vertx-bridge-common-4.5.3.jar;C:\Users\mraysmit\.m2\repository\io\smallrye\reactive\smallrye-mutiny-vertx-core\3.9.0\smallrye-mutiny-vertx-core-3.9.0.jar;C:\Users\mraysmit\.m2\repository\io\smallrye\reactive\smallrye-mutiny-vertx-runtime\3.9.0\smallrye-mutiny-vertx-runtime-3.9.0.jar;C:\Users\mraysmit\.m2\repository\io\smallrye\reactive\vertx-mutiny-generator\3.9.0\vertx-mutiny-generator-3.9.0.jar;C:\Users\mraysmit\.m2\repository\io\vertx\vertx-codegen\4.5.3\vertx-codegen-4.5.3.jar;C:\Users\mraysmit\.m2\repository\io\quarkus\resteasy\reactive\resteasy-reactive\3.8.1\resteasy-reactive-3.8.1.jar;C:\Users\mraysmit\.m2\repository\jakarta\enterprise\jakarta.enterprise.cdi-api\4.0.1\jakarta.enterprise.cdi-api-4.0.1.jar;C:\Users\mraysmit\.m2\repository\jakarta\enterprise\jakarta.enterprise.lang-model\4.0.1\jakarta.enterprise.lang-model-4.0.1.jar;C:\Users\mraysmit\.m2\repository\jakarta\el\jakarta.el-api\5.0.1\jakarta.el-api-5.0.1.jar;C:\Users\mraysmit\.m2\repository\jakarta\interceptor\jakarta.interceptor-api\2.1.0\jakarta.interceptor-api-2.1.0.jar;C:\Users\mraysmit\.m2\repository\jakarta\ws\rs\jakarta.ws.rs-api\3.1.0\jakarta.ws.rs-api-3.1.0.jar;C:\Users\mraysmit\.m2\repository\jakarta\annotation\jakarta.annotation-api\2.1.1\jakarta.annotation-api-2.1.1.jar;C:\Users\mraysmit\.m2\repository\org\jboss\logging\commons-logging-jboss-logging\1.0.0.Final\commons-logging-jboss-logging-1.0.0.Final.jar;C:\Users\mraysmit\.m2\repository\jakarta\xml\bind\jakarta.xml.bind-api\4.0.1\jakarta.xml.bind-api-4.0.1.jar;C:\Users\mraysmit\.m2\repository\jakarta\activation\jakarta.activation-api\2.1.2\jakarta.activation-api-2.1.2.jar;C:\Users\mraysmit\.m2\repository\org\jboss\logging\jboss-logging\3.5.3.Final\jboss-logging-3.5.3.Final.jar;C:\Users\mraysmit\.m2\repository\io\quarkus\quarkus-vertx-http\3.8.1\quarkus-vertx-http-3.8.1.jar;C:\Users\mraysmit\.m2\repository\io\quarkus\quarkus-security-runtime-spi\3.8.1\quarkus-security-runtime-spi-3.8.1.jar;C:\Users\mraysmit\.m2\repository\io\smallrye\common\smallrye-common-vertx-context\2.1.2\smallrye-common-vertx-context-2.1.2.jar;C:\Users\mraysmit\.m2\repository\io\smallrye\common\smallrye-common-constraint\2.1.2\smallrye-common-constraint-2.1.2.jar;C:\Users\mraysmit\.m2\repository\io\quarkus\security\quarkus-security\2.0.3.Final\quarkus-security-2.0.3.Final.jar;C:\Users\mraysmit\.m2\repository\io\smallrye\reactive\smallrye-mutiny-vertx-web\3.9.0\smallrye-mutiny-vertx-web-3.9.0.jar;C:\Users\mraysmit\.m2\repository\io\smallrye\reactive\smallrye-mutiny-vertx-web-common\3.9.0\smallrye-mutiny-vertx-web-common-3.9.0.jar;C:\Users\mraysmit\.m2\repository\io\smallrye\reactive\smallrye-mutiny-vertx-auth-common\3.9.0\smallrye-mutiny-vertx-auth-common-3.9.0.jar;C:\Users\mraysmit\.m2\repository\io\smallrye\reactive\smallrye-mutiny-vertx-bridge-common\3.9.0\smallrye-mutiny-vertx-bridge-common-3.9.0.jar;C:\Users\mraysmit\.m2\repository\io\smallrye\reactive\smallrye-mutiny-vertx-uri-template\3.9.0\smallrye-mutiny-vertx-uri-template-3.9.0.jar;C:\Users\mraysmit\.m2\repository\io\vertx\vertx-uri-template\4.5.3\vertx-uri-template-4.5.3.jar;C:\Users\mraysmit\.m2\repository\io\github\crac\org-crac\0.1.3\org-crac-0.1.3.jar;C:\Users\mraysmit\.m2\repository\io\quarkus\quarkus-jsonp\3.8.1\quarkus-jsonp-3.8.1.jar;C:\Users\mraysmit\.m2\repository\org\eclipse\parsson\parsson\1.1.5\parsson-1.1.5.jar;C:\Users\mraysmit\.m2\repository\jakarta\json\jakarta.json-api\2.1.3\jakarta.json-api-2.1.3.jar;C:\Users\mraysmit\.m2\repository\io\quarkus\quarkus-virtual-threads\3.8.1\quarkus-virtual-threads-3.8.1.jar;C:\Users\mraysmit\.m2\repository\io\vertx\vertx-core\4.5.3\vertx-core-4.5.3.jar;C:\Users\mraysmit\.m2\repository\io\netty\netty-common\4.1.106.Final\netty-common-4.1.106.Final.jar;C:\Users\mraysmit\.m2\repository\io\netty\netty-buffer\4.1.106.Final\netty-buffer-4.1.106.Final.jar;C:\Users\mraysmit\.m2\repository\io\netty\netty-transport\4.1.106.Final\netty-transport-4.1.106.Final.jar;C:\Users\mraysmit\.m2\repository\io\netty\netty-handler\4.1.106.Final\netty-handler-4.1.106.Final.jar;C:\Users\mraysmit\.m2\repository\io\netty\netty-transport-native-unix-common\4.1.106.Final\netty-transport-native-unix-common-4.1.106.Final.jar;C:\Users\mraysmit\.m2\repository\io\netty\netty-handler-proxy\4.1.106.Final\netty-handler-proxy-4.1.106.Final.jar;C:\Users\mraysmit\.m2\repository\io\netty\netty-codec-socks\4.1.106.Final\netty-codec-socks-4.1.106.Final.jar;C:\Users\mraysmit\.m2\repository\io\netty\netty-codec-http\4.1.106.Final\netty-codec-http-4.1.106.Final.jar;C:\Users\mraysmit\.m2\repository\io\netty\netty-codec-http2\4.1.106.Final\netty-codec-http2-4.1.106.Final.jar;C:\Users\mraysmit\.m2\repository\io\netty\netty-resolver\4.1.106.Final\netty-resolver-4.1.106.Final.jar;C:\Users\mraysmit\.m2\repository\io\netty\netty-resolver-dns\4.1.106.Final\netty-resolver-dns-4.1.106.Final.jar;C:\Users\mraysmit\.m2\repository\io\netty\netty-codec-dns\4.1.106.Final\netty-codec-dns-4.1.106.Final.jar;C:\Users\mraysmit\.m2\repository\com\fasterxml\jackson\core\jackson-core\2.16.1\jackson-core-2.16.1.jar;C:\Users\mraysmit\.m2\repository\io\quarkus\quarkus-hibernate-reactive-panache\3.8.1\quarkus-hibernate-reactive-panache-3.8.1.jar;C:\Users\mraysmit\.m2\repository\io\quarkus\quarkus-core\3.8.1\quarkus-core-3.8.1.jar;C:\Users\mraysmit\.m2\repository\jakarta\inject\jakarta.inject-api\2.0.1\jakarta.inject-api-2.0.1.jar;C:\Users\mraysmit\.m2\repository\io\smallrye\common\smallrye-common-os\2.1.2\smallrye-common-os-2.1.2.jar;C:\Users\mraysmit\.m2\repository\io\quarkus\quarkus-ide-launcher\3.8.1\quarkus-ide-launcher-3.8.1.jar;C:\Users\mraysmit\.m2\repository\io\quarkus\quarkus-development-mode-spi\3.8.1\quarkus-development-mode-spi-3.8.1.jar;C:\Users\mraysmit\.m2\repository\io\smallrye\config\smallrye-config\3.5.4\smallrye-config-3.5.4.jar;C:\Users\mraysmit\.m2\repository\io\smallrye\config\smallrye-config-core\3.5.4\smallrye-config-core-3.5.4.jar;C:\Users\mraysmit\.m2\repository\org\eclipse\microprofile\config\microprofile-config-api\3.0.3\microprofile-config-api-3.0.3.jar;C:\Users\mraysmit\.m2\repository\io\smallrye\common\smallrye-common-classloader\2.1.2\smallrye-common-classloader-2.1.2.jar;C:\Users\mraysmit\.m2\repository\io\smallrye\config\smallrye-config-common\3.5.4\smallrye-config-common-3.5.4.jar;C:\Users\mraysmit\.m2\repository\org\jboss\logmanager\jboss-logmanager\3.0.4.Final\jboss-logmanager-3.0.4.Final.jar;C:\Users\mraysmit\.m2\repository\io\smallrye\common\smallrye-common-cpu\2.1.2\smallrye-common-cpu-2.1.2.jar;C:\Users\mraysmit\.m2\repository\io\smallrye\common\smallrye-common-expression\2.1.2\smallrye-common-expression-2.1.2.jar;C:\Users\mraysmit\.m2\repository\io\smallrye\common\smallrye-common-function\2.1.2\smallrye-common-function-2.1.2.jar;C:\Users\mraysmit\.m2\repository\io\smallrye\common\smallrye-common-net\2.1.2\smallrye-common-net-2.1.2.jar;C:\Users\mraysmit\.m2\repository\io\smallrye\common\smallrye-common-ref\2.1.2\smallrye-common-ref-2.1.2.jar;C:\Users\mraysmit\.m2\repository\org\jboss\logging\jboss-logging-annotations\2.2.1.Final\jboss-logging-annotations-2.2.1.Final.jar;C:\Users\mraysmit\.m2\repository\org\jboss\threads\jboss-threads\3.5.1.Final\jboss-threads-3.5.1.Final.jar;C:\Users\mraysmit\.m2\repository\org\slf4j\slf4j-api\2.0.6\slf4j-api-2.0.6.jar;C:\Users\mraysmit\.m2\repository\org\jboss\slf4j\slf4j-jboss-logmanager\2.0.0.Final\slf4j-jboss-logmanager-2.0.0.Final.jar;C:\Users\mraysmit\.m2\repository\org\wildfly\common\wildfly-common\1.7.0.Final\wildfly-common-1.7.0.Final.jar;C:\Users\mraysmit\.m2\repository\io\quarkus\quarkus-bootstrap-runner\3.8.1\quarkus-bootstrap-runner-3.8.1.jar;C:\Users\mraysmit\.m2\repository\io\quarkus\quarkus-fs-util\0.0.10\quarkus-fs-util-0.0.10.jar;C:\Users\mraysmit\.m2\repository\io\quarkus\quarkus-hibernate-reactive\3.8.1\quarkus-hibernate-reactive-3.8.1.jar;C:\Users\mraysmit\.m2\repository\io\quarkus\quarkus-hibernate-orm\3.8.1\quarkus-hibernate-orm-3.8.1.jar;C:\Users\mraysmit\.m2\repository\org\hibernate\orm\hibernate-core\6.4.4.Final\hibernate-core-6.4.4.Final.jar;C:\Users\mraysmit\.m2\repository\com\fasterxml\classmate\1.6.0\classmate-1.6.0.jar;C:\Users\mraysmit\.m2\repository\org\antlr\antlr4-runtime\4.13.0\antlr4-runtime-4.13.0.jar;C:\Users\mraysmit\.m2\repository\net\bytebuddy\byte-buddy\1.14.11\byte-buddy-1.14.11.jar;C:\Users\mraysmit\.m2\repository\org\hibernate\common\hibernate-commons-annotations\6.0.6.Final\hibernate-commons-annotations-6.0.6.Final.jar;C:\Users\mraysmit\.m2\repository\org\hibernate\orm\hibernate-graalvm\6.4.4.Final\hibernate-graalvm-6.4.4.Final.jar;C:\Users\mraysmit\.m2\repository\org\glassfish\jaxb\jaxb-runtime\4.0.4\jaxb-runtime-4.0.4.jar;C:\Users\mraysmit\.m2\repository\org\glassfish\jaxb\jaxb-core\4.0.4\jaxb-core-4.0.4.jar;C:\Users\mraysmit\.m2\repository\org\eclipse\angus\angus-activation\2.0.1\angus-activation-2.0.1.jar;C:\Users\mraysmit\.m2\repository\org\glassfish\jaxb\txw2\4.0.4\txw2-4.0.4.jar;C:\Users\mraysmit\.m2\repository\com\sun\istack\istack-commons-runtime\4.1.2\istack-commons-runtime-4.1.2.jar;C:\Users\mraysmit\.m2\repository\jakarta\persistence\jakarta.persistence-api\3.1.0\jakarta.persistence-api-3.1.0.jar;C:\Users\mraysmit\.m2\repository\jakarta\transaction\jakarta.transaction-api\2.0.1\jakarta.transaction-api-2.0.1.jar;C:\Users\mraysmit\.m2\repository\org\hibernate\quarkus-local-cache\0.3.0\quarkus-local-cache-0.3.0.jar;C:\Users\mraysmit\.m2\repository\io\quarkus\quarkus-caffeine\3.8.1\quarkus-caffeine-3.8.1.jar;C:\Users\mraysmit\.m2\repository\com\github\ben-manes\caffeine\caffeine\3.1.5\caffeine-3.1.5.jar;C:\Users\mraysmit\.m2\repository\com\google\errorprone\error_prone_annotations\2.24.0\error_prone_annotations-2.24.0.jar;C:\Users\mraysmit\.m2\repository\org\hibernate\reactive\hibernate-reactive-core\2.2.2.Final\hibernate-reactive-core-2.2.2.Final.jar;C:\Users\mraysmit\.m2\repository\io\quarkus\quarkus-hibernate-reactive-panache-common\3.8.1\quarkus-hibernate-reactive-panache-common-3.8.1.jar;C:\Users\mraysmit\.m2\repository\io\quarkus\quarkus-panache-common\3.8.1\quarkus-panache-common-3.8.1.jar;C:\Users\mraysmit\.m2\repository\io\quarkus\quarkus-panache-hibernate-common\3.8.1\quarkus-panache-hibernate-common-3.8.1.jar;C:\Users\mraysmit\.m2\repository\io\quarkus\quarkus-arc\3.8.1\quarkus-arc-3.8.1.jar;C:\Users\mraysmit\.m2\repository\io\quarkus\arc\arc\3.8.1\arc-3.8.1.jar;C:\Users\mraysmit\.m2\repository\org\eclipse\microprofile\context-propagation\microprofile-context-propagation-api\1.3\microprofile-context-propagation-api-1.3.jar;C:\Users\mraysmit\.m2\repository\io\smallrye\common\smallrye-common-annotation\2.1.2\smallrye-common-annotation-2.1.2.jar;C:\Users\mraysmit\.m2\repository\io\quarkus\quarkus-reactive-pg-client\3.8.1\quarkus-reactive-pg-client-3.8.1.jar;C:\Users\mraysmit\.m2\repository\io\quarkus\quarkus-reactive-datasource\3.8.1\quarkus-reactive-datasource-3.8.1.jar;C:\Users\mraysmit\.m2\repository\io\quarkus\quarkus-datasource\3.8.1\quarkus-datasource-3.8.1.jar;C:\Users\mraysmit\.m2\repository\io\quarkus\quarkus-datasource-common\3.8.1\quarkus-datasource-common-3.8.1.jar;C:\Users\mraysmit\.m2\repository\io\vertx\vertx-sql-client\4.5.3\vertx-sql-client-4.5.3.jar;C:\Users\mraysmit\.m2\repository\io\quarkus\quarkus-vertx\3.8.1\quarkus-vertx-3.8.1.jar;C:\Users\mraysmit\.m2\repository\io\quarkus\quarkus-netty\3.8.1\quarkus-netty-3.8.1.jar;C:\Users\mraysmit\.m2\repository\io\netty\netty-codec\4.1.106.Final\netty-codec-4.1.106.Final.jar;C:\Users\mraysmit\.m2\repository\com\aayushatharva\brotli4j\brotli4j\1.14.0\brotli4j-1.14.0.jar;C:\Users\mraysmit\.m2\repository\com\aayushatharva\brotli4j\service\1.14.0\service-1.14.0.jar;C:\Users\mraysmit\.m2\repository\com\aayushatharva\brotli4j\native-windows-x86_64\1.14.0\native-windows-x86_64-1.14.0.jar;C:\Users\mraysmit\.m2\repository\io\netty\netty-codec-haproxy\4.1.106.Final\netty-codec-haproxy-4.1.106.Final.jar;C:\Users\mraysmit\.m2\repository\io\quarkus\quarkus-vertx-latebound-mdc-provider\3.8.1\quarkus-vertx-latebound-mdc-provider-3.8.1.jar;C:\Users\mraysmit\.m2\repository\io\smallrye\smallrye-fault-tolerance-vertx\6.2.6\smallrye-fault-tolerance-vertx-6.2.6.jar;C:\Users\mraysmit\.m2\repository\io\vertx\vertx-pg-client\4.5.3\vertx-pg-client-4.5.3.jar;C:\Users\mraysmit\.m2\repository\com\ongres\scram\client\2.1\client-2.1.jar;C:\Users\mraysmit\.m2\repository\com\ongres\scram\common\2.1\common-2.1.jar;C:\Users\mraysmit\.m2\repository\com\ongres\stringprep\saslprep\1.1\saslprep-1.1.jar;C:\Users\mraysmit\.m2\repository\com\ongres\stringprep\stringprep\1.1\stringprep-1.1.jar;C:\Users\mraysmit\.m2\repository\io\smallrye\reactive\smallrye-mutiny-vertx-pg-client\3.9.0\smallrye-mutiny-vertx-pg-client-3.9.0.jar;C:\Users\mraysmit\.m2\repository\io\smallrye\reactive\smallrye-mutiny-vertx-sql-client\3.9.0\smallrye-mutiny-vertx-sql-client-3.9.0.jar;C:\Users\mraysmit\.m2\repository\io\quarkus\quarkus-credentials\3.8.1\quarkus-credentials-3.8.1.jar;C:\Users\mraysmit\.m2\repository\org\testcontainers\postgresql\1.19.4\postgresql-1.19.4.jar;C:\Users\mraysmit\.m2\repository\org\testcontainers\jdbc\1.19.4\jdbc-1.19.4.jar;C:\Users\mraysmit\.m2\repository\org\testcontainers\database-commons\1.19.4\database-commons-1.19.4.jar;C:\Users\mraysmit\.m2\repository\org\testcontainers\junit-jupiter\1.19.4\junit-jupiter-1.19.4.jar;C:\Users\mraysmit\.m2\repository\org\testcontainers\testcontainers\1.19.4\testcontainers-1.19.4.jar;C:\Users\mraysmit\.m2\repository\junit\junit\4.13.2\junit-4.13.2.jar;C:\Users\mraysmit\.m2\repository\org\apache\commons\commons-compress\1.26.0\commons-compress-1.26.0.jar;C:\Users\mraysmit\.m2\repository\org\rnorth\duct-tape\duct-tape\1.0.8\duct-tape-1.0.8.jar;C:\Users\mraysmit\.m2\repository\org\jetbrains\annotations\24.1.0\annotations-24.1.0.jar;C:\Users\mraysmit\.m2\repository\com\github\docker-java\docker-java-api\3.3.4\docker-java-api-3.3.4.jar;C:\Users\mraysmit\.m2\repository\com\fasterxml\jackson\core\jackson-annotations\2.16.1\jackson-annotations-2.16.1.jar;C:\Users\mraysmit\.m2\repository\com\github\docker-java\docker-java-transport-zerodep\3.3.4\docker-java-transport-zerodep-3.3.4.jar;C:\Users\mraysmit\.m2\repository\com\github\docker-java\docker-java-transport\3.3.4\docker-java-transport-3.3.4.jar;C:\Users\mraysmit\.m2\repository\net\java\dev\jna\jna\5.8.0\jna-5.8.0.jar;C:\Users\mraysmit\.m2\repository\io\quarkus\quarkus-junit5\3.8.1\quarkus-junit5-3.8.1.jar;C:\Users\mraysmit\.m2\repository\io\quarkus\quarkus-bootstrap-core\3.8.1\quarkus-bootstrap-core-3.8.1.jar;C:\Users\mraysmit\.m2\repository\io\quarkus\quarkus-bootstrap-app-model\3.8.1\quarkus-bootstrap-app-model-3.8.1.jar;C:\Users\mraysmit\.m2\repository\io\smallrye\common\smallrye-common-io\2.1.2\smallrye-common-io-2.1.2.jar;C:\Users\mraysmit\.m2\repository\org\eclipse\sisu\org.eclipse.sisu.inject\0.9.0.M2\org.eclipse.sisu.inject-0.9.0.M2.jar;C:\Users\mraysmit\.m2\repository\io\quarkus\quarkus-test-common\3.8.1\quarkus-test-common-3.8.1.jar;C:\Users\mraysmit\.m2\repository\io\quarkus\quarkus-core-deployment\3.8.1\quarkus-core-deployment-3.8.1.jar;C:\Users\mraysmit\.m2\repository\org\aesh\readline\2.4\readline-2.4.jar;C:\Users\mraysmit\.m2\repository\org\fusesource\jansi\jansi\2.4.0\jansi-2.4.0.jar;C:\Users\mraysmit\.m2\repository\org\aesh\aesh\2.7\aesh-2.7.jar;C:\Users\mraysmit\.m2\repository\io\quarkus\gizmo\gizmo\1.7.0\gizmo-1.7.0.jar;C:\Users\mraysmit\.m2\repository\org\ow2\asm\asm-util\9.6\asm-util-9.6.jar;C:\Users\mraysmit\.m2\repository\org\ow2\asm\asm-analysis\9.6\asm-analysis-9.6.jar;C:\Users\mraysmit\.m2\repository\org\ow2\asm\asm\9.6\asm-9.6.jar;C:\Users\mraysmit\.m2\repository\org\ow2\asm\asm-commons\9.6\asm-commons-9.6.jar;C:\Users\mraysmit\.m2\repository\org\ow2\asm\asm-tree\9.6\asm-tree-9.6.jar;C:\Users\mraysmit\.m2\repository\io\quarkus\quarkus-class-change-agent\3.8.1\quarkus-class-change-agent-3.8.1.jar;C:\Users\mraysmit\.m2\repository\io\quarkus\quarkus-devtools-utilities\3.8.1\quarkus-devtools-utilities-3.8.1.jar;C:\Users\mraysmit\.m2\repository\io\quarkus\quarkus-builder\3.8.1\quarkus-builder-3.8.1.jar;C:\Users\mraysmit\.m2\repository\org\graalvm\sdk\graal-sdk\23.0.1\graal-sdk-23.0.1.jar;C:\Users\mraysmit\.m2\repository\org\junit\platform\junit-platform-launcher\1.10.1\junit-platform-launcher-1.10.1.jar;C:\Users\mraysmit\.m2\repository\io\quarkus\quarkus-bootstrap-maven-resolver\3.8.1\quarkus-bootstrap-maven-resolver-3.8.1.jar;C:\Users\mraysmit\.m2\repository\io\smallrye\beanbag\smallrye-beanbag-maven\1.4.0\smallrye-beanbag-maven-1.4.0.jar;C:\Users\mraysmit\.m2\repository\io\smallrye\beanbag\smallrye-beanbag-sisu\1.4.0\smallrye-beanbag-sisu-1.4.0.jar;C:\Users\mraysmit\.m2\repository\io\smallrye\beanbag\smallrye-beanbag\1.4.0\smallrye-beanbag-1.4.0.jar;C:\Users\mraysmit\.m2\repository\javax\inject\javax.inject\1\javax.inject-1.jar;C:\Users\mraysmit\.m2\repository\org\apache\maven\maven-artifact\3.9.6\maven-artifact-3.9.6.jar;C:\Users\mraysmit\.m2\repository\org\apache\maven\maven-builder-support\3.9.6\maven-builder-support-3.9.6.jar;C:\Users\mraysmit\.m2\repository\org\apache\maven\maven-model\3.9.6\maven-model-3.9.6.jar;C:\Users\mraysmit\.m2\repository\org\apache\maven\maven-model-builder\3.9.6\maven-model-builder-3.9.6.jar;C:\Users\mraysmit\.m2\repository\org\apache\maven\maven-repository-metadata\3.9.6\maven-repository-metadata-3.9.6.jar;C:\Users\mraysmit\.m2\repository\org\apache\maven\maven-settings\3.9.6\maven-settings-3.9.6.jar;C:\Users\mraysmit\.m2\repository\org\apache\maven\resolver\maven-resolver-api\1.9.18\maven-resolver-api-1.9.18.jar;C:\Users\mraysmit\.m2\repository\org\apache\maven\resolver\maven-resolver-impl\1.9.18\maven-resolver-impl-1.9.18.jar;C:\Users\mraysmit\.m2\repository\org\apache\maven\resolver\maven-resolver-named-locks\1.9.18\maven-resolver-named-locks-1.9.18.jar;C:\Users\mraysmit\.m2\repository\org\apache\maven\resolver\maven-resolver-spi\1.9.18\maven-resolver-spi-1.9.18.jar;C:\Users\mraysmit\.m2\repository\org\apache\maven\resolver\maven-resolver-util\1.9.18\maven-resolver-util-1.9.18.jar;C:\Users\mraysmit\.m2\repository\org\apache\maven\resolver\maven-resolver-transport-http\1.9.18\maven-resolver-transport-http-1.9.18.jar;C:\Users\mraysmit\.m2\repository\org\apache\maven\wagon\wagon-provider-api\3.5.3\wagon-provider-api-3.5.3.jar;C:\Users\mraysmit\.m2\repository\org\apache\maven\wagon\wagon-http-shared\3.5.3\wagon-http-shared-3.5.3.jar;C:\Users\mraysmit\.m2\repository\org\codehaus\plexus\plexus-interpolation\1.26\plexus-interpolation-1.26.jar;C:\Users\mraysmit\.m2\repository\org\codehaus\plexus\plexus-utils\3.5.1\plexus-utils-3.5.1.jar;C:\Users\mraysmit\.m2\repository\org\codehaus\plexus\plexus-xml\4.0.0\plexus-xml-4.0.0.jar;C:\Users\mraysmit\.m2\repository\org\apache\maven\maven-xml-impl\4.0.0-alpha-5\maven-xml-impl-4.0.0-alpha-5.jar;C:\Users\mraysmit\.m2\repository\org\apache\maven\maven-api-xml\4.0.0-alpha-5\maven-api-xml-4.0.0-alpha-5.jar;C:\Users\mraysmit\.m2\repository\org\apache\maven\maven-api-meta\4.0.0-alpha-5\maven-api-meta-4.0.0-alpha-5.jar;C:\Users\mraysmit\.m2\repository\org\codehaus\plexus\plexus-cipher\2.0\plexus-cipher-2.0.jar;C:\Users\mraysmit\.m2\repository\org\codehaus\plexus\plexus-sec-dispatcher\2.0\plexus-sec-dispatcher-2.0.jar;C:\Users\mraysmit\.m2\repository\org\apache\maven\maven-embedder\3.9.6\maven-embedder-3.9.6.jar;C:\Users\mraysmit\.m2\repository\org\apache\maven\maven-core\3.9.6\maven-core-3.9.6.jar;C:\Users\mraysmit\.m2\repository\org\codehaus\plexus\plexus-component-annotations\2.1.0\plexus-component-annotations-2.1.0.jar;C:\Users\mraysmit\.m2\repository\org\apache\maven\maven-plugin-api\3.9.6\maven-plugin-api-3.9.6.jar;C:\Users\mraysmit\.m2\repository\org\apache\maven\shared\maven-shared-utils\3.3.4\maven-shared-utils-3.3.4.jar;C:\Users\mraysmit\.m2\repository\com\google\inject\guice\5.1.0\guice-5.1.0.jar;C:\Users\mraysmit\.m2\repository\aopalliance\aopalliance\1.0\aopalliance-1.0.jar;C:\Users\mraysmit\.m2\repository\com\google\guava\guava\33.0.0-jre\guava-33.0.0-jre.jar;C:\Users\mraysmit\.m2\repository\com\google\guava\failureaccess\1.0.1\failureaccess-1.0.1.jar;C:\Users\mraysmit\.m2\repository\javax\annotation\javax.annotation-api\1.3.2\javax.annotation-api-1.3.2.jar;C:\Users\mraysmit\.m2\repository\org\codehaus\plexus\plexus-classworlds\2.6.0\plexus-classworlds-2.6.0.jar;C:\Users\mraysmit\.m2\repository\commons-cli\commons-cli\1.5.0\commons-cli-1.5.0.jar;C:\Users\mraysmit\.m2\repository\org\eclipse\sisu\org.eclipse.sisu.plexus\0.9.0.M2\org.eclipse.sisu.plexus-0.9.0.M2.jar;C:\Users\mraysmit\.m2\repository\org\apache\maven\maven-settings-builder\3.9.6\maven-settings-builder-3.9.6.jar;C:\Users\mraysmit\.m2\repository\org\apache\maven\maven-resolver-provider\3.9.6\maven-resolver-provider-3.9.6.jar;C:\Users\mraysmit\.m2\repository\org\apache\maven\resolver\maven-resolver-connector-basic\1.9.18\maven-resolver-connector-basic-1.9.18.jar;C:\Users\mraysmit\.m2\repository\org\apache\maven\resolver\maven-resolver-transport-wagon\1.9.18\maven-resolver-transport-wagon-1.9.18.jar;C:\Users\mraysmit\.m2\repository\org\apache\maven\wagon\wagon-http\3.5.3\wagon-http-3.5.3.jar;C:\Users\mraysmit\.m2\repository\org\apache\maven\wagon\wagon-file\3.5.3\wagon-file-3.5.3.jar;C:\Users\mraysmit\.m2\repository\io\quarkus\quarkus-bootstrap-gradle-resolver\3.8.1\quarkus-bootstrap-gradle-resolver-3.8.1.jar;C:\Users\mraysmit\.m2\repository\io\smallrye\jandex\3.1.6\jandex-3.1.6.jar;C:\Users\mraysmit\.m2\repository\commons-io\commons-io\2.15.1\commons-io-2.15.1.jar;C:\Users\mraysmit\.m2\repository\io\quarkus\quarkus-junit5-properties\3.8.1\quarkus-junit5-properties-3.8.1.jar;C:\Users\mraysmit\.m2\repository\org\junit\jupiter\junit-jupiter\5.10.1\junit-jupiter-5.10.1.jar;C:\Users\mraysmit\.m2\repository\org\junit\jupiter\junit-jupiter-api\5.10.1\junit-jupiter-api-5.10.1.jar;C:\Users\mraysmit\.m2\repository\org\opentest4j\opentest4j\1.3.0\opentest4j-1.3.0.jar;C:\Users\mraysmit\.m2\repository\org\junit\platform\junit-platform-commons\1.10.1\junit-platform-commons-1.10.1.jar;C:\Users\mraysmit\.m2\repository\org\apiguardian\apiguardian-api\1.1.2\apiguardian-api-1.1.2.jar;C:\Users\mraysmit\.m2\repository\org\junit\jupiter\junit-jupiter-params\5.10.1\junit-jupiter-params-5.10.1.jar;C:\Users\mraysmit\.m2\repository\org\junit\jupiter\junit-jupiter-engine\5.10.1\junit-jupiter-engine-5.10.1.jar;C:\Users\mraysmit\.m2\repository\org\junit\platform\junit-platform-engine\1.10.1\junit-platform-engine-1.10.1.jar;C:\Users\mraysmit\.m2\repository\com\thoughtworks\xstream\xstream\1.4.20\xstream-1.4.20.jar;C:\Users\mraysmit\.m2\repository\io\github\x-stream\mxparser\1.2.2\mxparser-1.2.2.jar;C:\Users\mraysmit\.m2\repository\xmlpull\xmlpull\1.1.3.1\xmlpull-1.1.3.1.jar;C:\Users\mraysmit\.m2\repository\io\rest-assured\rest-assured\5.4.0\rest-assured-5.4.0.jar;C:\Users\mraysmit\.m2\repository\org\apache\groovy\groovy\4.0.16\groovy-4.0.16.jar;C:\Users\mraysmit\.m2\repository\org\apache\groovy\groovy-xml\4.0.16\groovy-xml-4.0.16.jar;C:\Users\mraysmit\.m2\repository\org\apache\httpcomponents\httpclient\4.5.14\httpclient-4.5.14.jar;C:\Users\mraysmit\.m2\repository\org\apache\httpcomponents\httpcore\4.4.16\httpcore-4.4.16.jar;C:\Users\mraysmit\.m2\repository\commons-codec\commons-codec\1.16.1\commons-codec-1.16.1.jar;C:\Users\mraysmit\.m2\repository\org\apache\httpcomponents\httpmime\4.5.14\httpmime-4.5.14.jar;C:\Users\mraysmit\.m2\repository\org\hamcrest\hamcrest\2.2\hamcrest-2.2.jar;C:\Users\mraysmit\.m2\repository\org\ccil\cowan\tagsoup\tagsoup\1.2.1\tagsoup-1.2.1.jar;C:\Users\mraysmit\.m2\repository\io\rest-assured\json-path\5.4.0\json-path-5.4.0.jar;C:\Users\mraysmit\.m2\repository\org\apache\groovy\groovy-json\4.0.16\groovy-json-4.0.16.jar;C:\Users\mraysmit\.m2\repository\io\rest-assured\rest-assured-common\5.4.0\rest-assured-common-5.4.0.jar;C:\Users\mraysmit\.m2\repository\io\rest-assured\xml-path\5.4.0\xml-path-5.4.0.jar;C:\Users\mraysmit\.m2\repository\org\apache\commons\commons-lang3\3.14.0\commons-lang3-3.14.0.jar;"/>
    <property name="sun.cpu.endian" value="little"/>
    <property name="vertx.disableWebsockets" value="true"/>
    <property name="user.home" value="C:\Users\mraysmit"/>
    <property name="user.language" value="en"/>
    <property name="jboss.log-version" value="false"/>
    <property name="java.specification.vendor" value="Oracle Corporation"/>
    <property name="io.netty.allocator.maxOrder" value="3"/>
    <property name="java.version.date" value="2024-09-17"/>
    <property name="java.home" value="C:\Users\mraysmit\.jdks\corretto-23.0.0"/>
    <property name="file.separator" value="\"/>
    <property name="basedir" value="C:\Users\mraysmit\dev\quarkus-projects\quarkus-mutiny-example"/>
    <property name="java.vm.compressedOopsMode" value="Zero based"/>
    <property name="line.separator" value="&#10;"/>
    <property name="java.vm.specification.vendor" value="Oracle Corporation"/>
    <property name="java.specification.name" value="Java Platform API Specification"/>
    <property name="surefire.real.class.path" value="C:\Users\mraysmit\AppData\Local\Temp\surefire10877440913822057046\surefirebooter-20250608152110634_3.jar"/>
    <property name="user.script" value=""/>
    <property name="sun.management.compiler" value="HotSpot 64-Bit Tiered Compilers"/>
    <property name="java.runtime.version" value="23+37-FR"/>
    <property name="user.name" value="mraysmit"/>
    <property name="stdout.encoding" value="Cp1252"/>
    <property name="path.separator" value=";"/>
    <property name="os.version" value="10.0"/>
    <property name="java.runtime.name" value="OpenJDK Runtime Environment"/>
    <property name="file.encoding" value="UTF-8"/>
    <property name="java.vm.name" value="OpenJDK 64-Bit Server VM"/>
    <property name="java.vendor.version" value="Corretto-23.0.0.37.1"/>
    <property name="localRepository" value="C:\Users\mraysmit\.m2\repository"/>
    <property name="java.vendor.url.bug" value="https://github.com/corretto/corretto-23/issues/"/>
    <property name="java.io.tmpdir" value="C:\Users\mraysmit\AppData\Local\Temp\"/>
    <property name="quarkus.log.file.path" value="target\quarkus.log"/>
    <property name="java.version" value="23"/>
    <property name="java.util.concurrent.ForkJoinPool.common.threadFactory" value="io.quarkus.bootstrap.forkjoin.QuarkusForkJoinWorkerThreadFactory"/>
    <property name="user.dir" value="C:\Users\mraysmit\dev\quarkus-projects\quarkus-mutiny-example"/>
    <property name="os.arch" value="amd64"/>
    <property name="java.vm.specification.name" value="Java Virtual Machine Specification"/>
    <property name="vertx.disableDnsResolver" value="true"/>
    <property name="sun.os.patch.level" value=""/>
    <property name="native.encoding" value="Cp1252"/>
    <property name="java.util.logging.manager" value="org.jboss.logmanager.LogManager"/>
    <property name="java.library.path" value="C:\Users\mraysmit\.jdks\corretto-23.0.0\bin;C:\Windows\Sun\Java\bin;C:\Windows\system32;C:\Windows;C:\Program Files\PowerShell\7;C:\Program Files (x86)\VMware\VMware Workstation\bin\;C:\Windows\system32;C:\Windows;C:\Windows\System32\Wbem;C:\Windows\System32\WindowsPowerShell\v1.0\;C:\Windows\System32\OpenSSH\;C:\Program Files\Microsoft SQL Server\Client SDK\ODBC\170\Tools\Binn\;C:\Users\mraysmit\.jdks\corretto-23.0.0\bin;C:\Program Files\Azure Data Studio\bin;C:\Program Files\Microsoft SQL Server\150\Tools\Binn\;C:\Program Files\dotnet\;C:\Programs\mingw64\bin;C:\Program Files (x86)\AOMEI\AOMEI Backupper\7.4.2;C:\Users\mraysmit\scoop\apps\maven\current\bin;C:\ProgramData\chocolatey\bin;C:\Program Files\PowerShell\7\;C:\Program Files\Docker\Docker\resources\bin;C:\Program Files (x86)\Windows Kits\10\Windows Performance Toolkit\;C:\Program Files\Git\cmd;C:\Users\mraysmit\scoop\apps\nodejs-lts\current\bin;C:\Users\mraysmit\scoop\apps\nodejs-lts\current;C:\Users\mraysmit\scoop\apps\maven\current\bin;C:\Users\mraysmit\AppData\Local\Programs\Python\Python312\Scripts\;C:\Users\mraysmit\AppData\Local\Programs\Python\Python312\;C:\Users\mraysmit\.cargo\bin;C:\Users\mraysmit\scoop\shims;C:\Users\mraysmit\AppData\Local\Microsoft\WindowsApps;C:\Users\mraysmit\AppData\Local\JetBrains\Toolbox\scripts;C:\Users\mraysmit\.dotnet\tools;C:\Users\mraysmit\AppData\Local\Programs\Microsoft VS Code\bin;C:\Users\mraysmit\.dotnet\tools;C:\Program Files\Azure Data Studio\bin;C:\Users\mraysmit\.dotnet\tools;C:\Users\mraysmit\AppData\Local\GitHubDesktop\bin;C:\Users\mraysmit\AppData\Local\Microsoft\WindowsApps;C:\Users\mraysmit\.dotnet\tools;C:\Users\mraysmit\.lmstudio\bin;."/>
    <property name="java.vm.info" value="mixed mode, sharing"/>
    <property name="stderr.encoding" value="Cp1252"/>
    <property name="java.vendor" value="Amazon.com Inc."/>
    <property name="vertx.disableTCCL" value="true"/>
    <property name="java.vm.version" value="23+37-FR"/>
    <property name="sun.io.unicode.encoding" value="UnicodeLittle"/>
    <property name="io.netty.machineId" value="fd:e8:ae:14:d0:ea:dc:03"/>
    <property name="java.class.version" value="67.0"/>
  </properties>
  <testcase name="" classname="org.example.UserResourceTest" time="10.601">
    <error message="Mapped port can only be obtained after the container is started" type="java.lang.IllegalStateException"><![CDATA[java.lang.IllegalStateException: Mapped port can only be obtained after the container is started
	at org.testcontainers.shaded.com.google.common.base.Preconditions.checkState(Preconditions.java:512)
	at org.testcontainers.containers.ContainerState.getMappedPort(ContainerState.java:161)
	at org.example.UserResourceTest.setup(UserResourceTest.java:27)
	at java.base/java.lang.reflect.Method.invoke(Method.java:580)
	at io.quarkus.test.junit.QuarkusTestExtension.runExtensionMethod(QuarkusTestExtension.java:1013)
	at io.quarkus.test.junit.QuarkusTestExtension.runExtensionMethod(QuarkusTestExtension.java:907)
	at io.quarkus.test.junit.QuarkusTestExtension.interceptBeforeAllMethod(QuarkusTestExtension.java:709)
	at java.base/java.util.ArrayList.forEach(ArrayList.java:1597)
]]></error>
    <system-out><![CDATA[2025-06-08 15:21:16,455 WARN  [io.qua.res.rea.ser.dep.QuarkusServerEndpointIndexer] (build-13) Quarkus detected the use of JSON in JAX-RS method 'org.example.UserResource#create' but no JSON extension has been added. Consider adding 'quarkus-resteasy-reactive-jackson' (recommended) or 'quarkus-resteasy-reactive-jsonb'.
2025-06-08 15:21:16,468 WARN  [io.qua.res.rea.ser.dep.QuarkusServerEndpointIndexer] (build-13) Quarkus detected the use of JSON in JAX-RS method 'org.example.UserResource#getAll' but no JSON extension has been added. Consider adding 'quarkus-resteasy-reactive-jackson' (recommended) or 'quarkus-resteasy-reactive-jsonb'.
2025-06-08 15:21:16,474 WARN  [io.qua.res.rea.ser.dep.QuarkusServerEndpointIndexer] (build-13) Quarkus detected the use of JSON in JAX-RS method 'org.example.UserResource#stream' but no JSON extension has been added. Consider adding 'quarkus-resteasy-reactive-jackson' (recommended) or 'quarkus-resteasy-reactive-jsonb'.
2025-06-08 15:21:18,050 INFO  [org.hib.rea.pro.imp.ReactiveIntegrator] (JPA Startup Thread) HR000001: Hibernate Reactive
2025-06-08 15:21:18,348 WARN  [org.hib.rea.pro.ser.ReactiveGenerationTarget] (vert.x-eventloop-thread-0) HR000021: DDL command failed [io.netty.channel.AbstractChannel$AnnotatedConnectException: Connection refused: getsockopt: localhost/127.0.0.1:5432]
2025-06-08 15:21:18,355 WARN  [org.hib.rea.pro.ser.ReactiveGenerationTarget] (vert.x-eventloop-thread-0) HR000021: DDL command failed [io.netty.channel.AbstractChannel$AnnotatedConnectException: Connection refused: getsockopt: localhost/127.0.0.1:5432]
2025-06-08 15:21:18,386 INFO  [io.quarkus] (main) mutiny-quarkus-users 1.0.0 on JVM (powered by Quarkus 3.8.1) started in 4.117s. Listening on: http://localhost:8081
2025-06-08 15:21:18,386 INFO  [io.quarkus] (main) Profile test activated. 
2025-06-08 15:21:18,386 INFO  [io.quarkus] (main) Installed features: [cdi, hibernate-orm, hibernate-reactive, hibernate-reactive-panache, reactive-pg-client, resteasy-reactive, smallrye-context-propagation, vertx]
2025-06-08 15:21:18,410 INFO  [org.tes.ima.PullPolicy] (main) Image pull policy will be performed by: DefaultPullPolicy()
2025-06-08 15:21:18,413 INFO  [org.tes.uti.ImageNameSubstitutor] (main) Image name substitution will be performed by: DefaultImageNameSubstitutor (composite of 'ConfigurationFileImageNameSubstitutor' and 'PrefixingImageNameSubstitutor')
2025-06-08 15:21:18,557 INFO  [org.tes.doc.DockerClientProviderStrategy] (main) Loaded org.testcontainers.dockerclient.NpipeSocketClientProviderStrategy from ~/.testcontainers.properties, will try it first
2025-06-08 15:21:18,786 INFO  [org.tes.doc.DockerClientProviderStrategy] (main) Found Docker environment with local Npipe socket (npipe:////./pipe/docker_engine)
2025-06-08 15:21:18,787 INFO  [org.tes.DockerClientFactory] (main) Docker host IP address is localhost
2025-06-08 15:21:18,801 INFO  [org.tes.DockerClientFactory] (main) Connected to docker: 
  Server Version: 28.1.1
  API Version: 1.49
  Operating System: Docker Desktop
  Total Memory: 47832 MB
2025-06-08 15:21:18,825 INFO  [tc.tes.6.0] (main) Creating container for image: testcontainers/ryuk:0.6.0
2025-06-08 15:21:19,008 INFO  [tc.tes.6.0] (main) Container testcontainers/ryuk:0.6.0 is starting: 450c51b8de3f26ed7719f414e3bf9ee3d18da9203d6708db89d2c39953c312ff
2025-06-08 15:21:19,319 INFO  [tc.tes.6.0] (main) Container testcontainers/ryuk:0.6.0 started in PT0.4948287S
2025-06-08 15:21:19,324 INFO  [org.tes.uti.RyukResourceReaper] (main) Ryuk started - will monitor and terminate Testcontainers containers on JVM exit
2025-06-08 15:21:19,325 INFO  [org.tes.DockerClientFactory] (main) Checking the system...
2025-06-08 15:21:19,325 INFO  [org.tes.DockerClientFactory] (main) ?? Docker server version should be at least 1.6.0
2025-06-08 15:21:19,326 INFO  [tc.postgres:15] (main) Creating container for image: postgres:15
2025-06-08 15:21:19,398 INFO  [tc.postgres:15] (main) Container postgres:15 is starting: 7f047fc0ad11acc9e43acc569bace52bbbe4a3b5a0c0e396367a661c6bf00345
2025-06-08 15:21:21,185 INFO  [tc.postgres:15] (main) Container postgres:15 started in PT1.8593777S
2025-06-08 15:21:21,186 INFO  [tc.postgres:15] (main) Container is started (JDBC URL: jdbc:postgresql://localhost:55003/mydb?loggerLevel=OFF)
2025-06-08 15:21:21,207 INFO  [org.tes.ima.PullPolicy] (main) Image pull policy will be performed by: DefaultPullPolicy()
2025-06-08 15:21:21,207 INFO  [org.tes.uti.ImageNameSubstitutor] (main) Image name substitution will be performed by: DefaultImageNameSubstitutor (composite of 'ConfigurationFileImageNameSubstitutor' and 'PrefixingImageNameSubstitutor')
2025-06-08 15:21:21,299 INFO  [org.tes.doc.DockerClientProviderStrategy] (main) Loaded org.testcontainers.dockerclient.NpipeSocketClientProviderStrategy from ~/.testcontainers.properties, will try it first
2025-06-08 15:21:21,454 INFO  [org.tes.doc.DockerClientProviderStrategy] (main) Found Docker environment with local Npipe socket (npipe:////./pipe/docker_engine)
]]></system-out>
  </testcase>
</testsuite>